[backblue.gif]
[fade.gif]
[index.html]
[/assets/application-419cfa1c31d1cb844e8afbadeae467d5824ce5036f71233cfc4f18c60963c60b.css]
[/assets/application-23a5aabbb78f7aefd26d7866f583191f9f2785d1ac4af2965fb48c4348d89a69.js]
[/assets/logo-about-0e230a1e888f2f240c65ceae475c21aefddbaf2e66aea658232a9bd0b453c93b.png]
[/assets/slide2-08e4f37fae6ac086f3c8e852088b4411f5b2367a034f2ada68f185ee6402520e.jpg]
[/index.html]
[/assets/icheck/minimal/minimal-2ec52d6497f27f697e161200fcc0dae3c20ba11c3322d2e2e9d0ad19355ea298.png]
[/assets/icheck/minimal/minimal@2x-c4e6567d9f75e60bcc26c0cc71ddd3268d02eff92e2907920ef2904028955b78.png]
[/assets/icheck/minimal/red-9c2ab7cc55dfafd7343804da7fa39111e1b225fdba40a532a7425ceb2171e4a9.png]
[/assets/icheck/minimal/red@2x-bd22b4d271868f16cc2161ac0fae8ec07e3dd5aa1057b0e2712e3fa1c1e9d842.png]
[/assets/icheck/minimal/green-696e11dbe54fd4909439870ddb7c827c0799b2d565cffaf2804087ff58600e23.png]
[/assets/icheck/minimal/green@2x-aad28af306b2aa916f459f466de51c7ce86fa5a60dc924a0572a64db102427f4.png]
[/assets/icheck/minimal/blue-554d1c81ca2ad1da94f15b8d6446069244cbcb4d3d11028cd30940eb2d437b13.png]
[/assets/icheck/minimal/blue@2x-703ab1d8cf4148e179021fdfdbb045297f0d383c872b8a433794b5ffe8480424.png]
[/assets/icheck/minimal/aero-dd315622eec3d7116566abc8400b484f08c2a4d18f06f1ba308886ba50e856e2.png]
[/assets/icheck/minimal/aero@2x-57b9c071468da201173814c27496bb0e8f318c2945fb08e1f3c75531ae184e99.png]
[/assets/icheck/minimal/grey-654da0ad45d54a5ec79ee661aba96b7113bccb52caedbcfd6629b044a0d80000.png]
[/assets/icheck/minimal/grey@2x-94d3d7416dd0ecfb88bd0456d8ac4a0c87e3cc9bf0728f86e4bae0b38b6e4f70.png]
[/assets/icheck/minimal/orange-488e581ddb601d3a12e355d96582a51df60d7701e447dc9b49fd59b335b710bf.png]
[/assets/icheck/minimal/orange@2x-dd10fd94fa6aa469afe8d066985e1dbc79c64df38d83ce58201d97681cd52e25.png]
[/assets/icheck/minimal/yellow-25996589dadb7140266f41d84843850db880fb6accc5a7f783fe57347ef8b7e4.png]
[/assets/icheck/minimal/yellow@2x-090154cf3bb9a087b881de2697f02f3b25d960d4a3472c550de4dace1b6d2f55.png]
[/assets/icheck/minimal/pink-7d0125de70c23a23bd517fdf88029ec95cc3db850790cc561d1e6489685629da.png]
[/assets/icheck/minimal/pink@2x-40e1f51b7fe16e7db4841b3229256bb24e33ea0d28138b1ea73cda2a9c65b0fd.png]
[/assets/icheck/minimal/purple-0d2562d66fc7b4323c406179bdca227125a15fd053392e3aa5eaf496795a8ee4.png]
[/assets/icheck/minimal/purple@2x-df0f7e1b34738daa5c2d879823ee17986bed8a0457c4c90d489be645d01fdae2.png]
[/assets/bootstrap/glyphicons-halflings-regular-13634da87d9e23f8c3ed9108ce1724d183a39ad072e73e1b3d8cbf646d2d0407.eot]
[/assets/bootstrap/glyphicons-halflings-regular-13634da87d9e23f8c3ed9108ce1724d183a39ad072e73e1b3d8cbf646d2d0407d41d.eot]
[/assets/bootstrap/glyphicons-halflings-regular-fe185d11a49676890d47bb783312a0cda5a44c4039214094e7957b4c040ef11c.woff2]
[/assets/bootstrap/glyphicons-halflings-regular-a26394f7ede100ca118eff2eda08596275a9839b959c226e15439557a5a80742.woff]
[/assets/bootstrap/glyphicons-halflings-regular-e395044093757d82afcb138957d06a1ea9361bdcf0b442d06a18a8051af57456.ttf]
[/assets/fontawesome-webfont-7bfcab6db99d5cfbf1705ca0536ddc78585432cc5fa41bbd7ad0f009033b2979.eot]
[/assets/fontawesome-webfont-7bfcab6db99d5cfbf1705ca0536ddc78585432cc5fa41bbd7ad0f009033b2979d41d.eot]
[/assets/fontawesome-webfont-2adefcbc041e7d18fcf2d417879dc5a09997aa64d675b7a3c4b6ce33da13f3fe.woff2]
[/assets/fontawesome-webfont-ba0c59deb5450f5cb41b3f93609ee2d0d995415877ddfa223e8a8a7533474f07.woff]
[/assets/fontawesome-webfont-aa58f33f239a0fb02f5c7a6c45c043d7a9ac9a093335806694ecd6d4edc0d6a8.ttf]
[/assets/footer-icon-5e8bafa36b6d88e4063b36007db159f5cae35ae489d482c04abace3acd809e3c.png]
[/assets/footer-icon2-ff75e9605edacba3cf433dc397bd5aa47d0afdf2f20f6c4941350e4b8ae767e8.png]
[/assets/footer-icon3-e45108c79e2b008f2d971ca18a8e339ed82a3ef13dbb51fd664a29b4793fef9c.png]
[/assets/background-1c2c07e7a8f500b461479cc3ca5afe1125ee24c9b1d8ac2948eaa5575ceaf9e9.jpg]
[/assets/application-419cfa1c31d1cb844e8afbadeae467d5824ce5036f71233cfc4f18c60963c60b.css]
[/about.html]
[/contact.html]
[/faq.html]
[/terms-of-service.html]
[/privacy-policy.html]
[/users/password/new.html]
[/assets/bootstrap/glyphicons-halflings-regular-42f60659d265c1a3c30f9fa42abcbb56bd4a53af4d83d316d6dd7a36903c43e5.svg]
[/assets/fontawesome-webfont-ad6157926c1622ba4e1d03d478f1541368524bfc46f51e42fe0d945f7ef323e4.svg]
